# JRE version: Java(TM) SE Runtime Environment (13.0.2+8) (build 13.0.2+8)
# Java VM: Java HotSpot(TM) 64-Bit Server VM (13.0.2+8, mixed mode, sharing, tiered, compressed oops, g1 gc, windows-amd64)
Heap:
 garbage-first heap   total 221184K, used 111913K [0x0000000080000000, 0x0000000100000000)
  region size 1024K, 2 young (2048K), 2 survivors (2048K)
 Metaspace       used 80285K, capacity 82329K, committed 82940K, reserved 1120256K
  class space    used 10726K, capacity 11509K, committed 11772K, reserved 1048576K
GC Heap History (20 events):
Event: 9.003 GC heap after
{Heap after GC invocations=31 (full 0):
 garbage-first heap   total 125952K, used 64786K [0x0000000080000000, 0x0000000100000000)
  region size 1024K, 5 young (5120K), 5 survivors (5120K)
 Metaspace       used 58000K, capacity 59474K, committed 59772K, reserved 1101824K
  class space    used 7653K, capacity 8230K, committed 8316K, reserved 1048576K
}
Event: 9.293 GC heap before
{Heap before GC invocations=32 (full 0):
 garbage-first heap   total 126976K, used 96530K [0x0000000080000000, 0x0000000100000000)
  region size 1024K, 36 young (36864K), 5 survivors (5120K)
 Metaspace       used 59433K, capacity 60959K, committed 61308K, reserved 1101824K
  class space    used 7829K, capacity 8427K, committed 8572K, reserved 1048576K
}
Event: 9.301 GC heap after
{Heap after GC invocations=33 (full 0):
 garbage-first heap   total 152576K, used 67080K [0x0000000080000000, 0x0000000100000000)
  region size 1024K, 5 young (5120K), 5 survivors (5120K)
 Metaspace       used 59433K, capacity 60959K, committed 61308K, reserved 1101824K
  class space    used 7829K, capacity 8427K, committed 8572K, reserved 1048576K
}
Event: 9.902 GC heap before
{Heap before GC invocations=33 (full 0):
 garbage-first heap   total 152576K, used 110088K [0x0000000080000000, 0x0000000100000000)
  region size 1024K, 47 young (48128K), 5 survivors (5120K)
 Metaspace       used 64028K, capacity 65642K, committed 65916K, reserved 1105920K
  class space    used 8607K, capacity 9197K, committed 9340K, reserved 1048576K
}
Event: 9.910 GC heap after
{Heap after GC invocations=34 (full 0):
 garbage-first heap   total 152576K, used 70160K [0x0000000080000000, 0x0000000100000000)
  region size 1024K, 6 young (6144K), 6 survivors (6144K)
 Metaspace       used 64028K, capacity 65642K, committed 65916K, reserved 1105920K
  class space    used 8607K, capacity 9197K, committed 9340K, reserved 1048576K
}
Event: 10.216 GC heap before
{Heap before GC invocations=34 (full 0):
 garbage-first heap   total 152576K, used 113168K [0x0000000080000000, 0x0000000100000000)
  region size 1024K, 48 young (49152K), 6 survivors (6144K)
 Metaspace       used 65198K, capacity 66813K, committed 67068K, reserved 1107968K
  class space    used 8780K, capacity 9437K, committed 9468K, reserved 1048576K
}
Event: 10.224 GC heap after
{Heap after GC invocations=35 (full 0):
 garbage-first heap   total 152576K, used 73341K [0x0000000080000000, 0x0000000100000000)
  region size 1024K, 6 young (6144K), 6 survivors (6144K)
 Metaspace       used 65198K, capacity 66813K, committed 67068K, reserved 1107968K
  class space    used 8780K, capacity 9437K, committed 9468K, reserved 1048576K
}
Event: 10.810 GC heap before
{Heap before GC invocations=35 (full 0):
 garbage-first heap   total 152576K, used 117373K [0x0000000080000000, 0x0000000100000000)
  region size 1024K, 49 young (50176K), 6 survivors (6144K)
 Metaspace       used 68880K, capacity 70647K, committed 70908K, reserved 1110016K
  class space    used 9280K, capacity 9952K, committed 9980K, reserved 1048576K
}
Event: 10.818 GC heap after
{Heap after GC invocations=36 (full 0):
 garbage-first heap   total 152576K, used 76264K [0x0000000080000000, 0x0000000100000000)
  region size 1024K, 6 young (6144K), 6 survivors (6144K)
 Metaspace       used 68880K, capacity 70647K, committed 70908K, reserved 1110016K
  class space    used 9280K, capacity 9952K, committed 9980K, reserved 1048576K
}
Event: 11.351 GC heap before
{Heap before GC invocations=36 (full 0):
 garbage-first heap   total 152576K, used 119272K [0x0000000080000000, 0x0000000100000000)
  region size 1024K, 48 young (49152K), 6 survivors (6144K)
 Metaspace       used 72778K, capacity 74556K, committed 74748K, reserved 1114112K
  class space    used 9812K, capacity 10473K, committed 10492K, reserved 1048576K
}
Event: 11.362 GC heap after
{Heap after GC invocations=37 (full 0):
 garbage-first heap   total 183296K, used 79442K [0x0000000080000000, 0x0000000100000000)
  region size 1024K, 6 young (6144K), 6 survivors (6144K)
 Metaspace       used 72778K, capacity 74556K, committed 74748K, reserved 1114112K
  class space    used 9812K, capacity 10473K, committed 10492K, reserved 1048576K
}
Event: 12.057 GC heap before
{Heap before GC invocations=38 (full 0):
 garbage-first heap   total 183296K, used 134738K [0x0000000080000000, 0x0000000100000000)
  region size 1024K, 60 young (61440K), 6 survivors (6144K)
 Metaspace       used 75731K, capacity 77949K, committed 78076K, reserved 1116160K
  class space    used 10309K, capacity 11159K, committed 11260K, reserved 1048576K
}
Event: 12.068 GC heap after
{Heap after GC invocations=39 (full 0):
 garbage-first heap   total 183296K, used 83165K [0x0000000080000000, 0x0000000100000000)
  region size 1024K, 7 young (7168K), 7 survivors (7168K)
 Metaspace       used 75731K, capacity 77949K, committed 78076K, reserved 1116160K
  class space    used 10309K, capacity 11159K, committed 11260K, reserved 1048576K
}
Event: 12.552 GC heap before
{Heap before GC invocations=39 (full 0):
 garbage-first heap   total 183296K, used 137436K [0x0000000080000000, 0x0000000100000000)
  region size 1024K, 61 young (62464K), 7 survivors (7168K)
 Metaspace       used 76344K, capacity 78559K, committed 78844K, reserved 1116160K
  class space    used 10338K, capacity 11174K, committed 11260K, reserved 1048576K
}
Event: 12.563 GC heap after
{Heap after GC invocations=40 (full 0):
 garbage-first heap   total 183296K, used 87184K [0x0000000080000000, 0x0000000100000000)
  region size 1024K, 5 young (5120K), 5 survivors (5120K)
 Metaspace       used 76344K, capacity 78559K, committed 78844K, reserved 1116160K
  class space    used 10338K, capacity 11174K, committed 11260K, reserved 1048576K
}
Event: 12.693 GC heap before
{Heap before GC invocations=40 (full 0):
 garbage-first heap   total 183296K, used 101520K [0x0000000080000000, 0x0000000100000000)
  region size 1024K, 21 young (21504K), 5 survivors (5120K)
 Metaspace       used 77385K, capacity 79545K, committed 79740K, reserved 1118208K
  class space    used 10432K, capacity 11265K, committed 11388K, reserved 1048576K
}
Event: 12.699 GC heap after
{Heap after GC invocations=41 (full 0):
 garbage-first heap   total 183296K, used 87560K [0x0000000080000000, 0x0000000100000000)
  region size 1024K, 5 young (5120K), 5 survivors (5120K)
 Metaspace       used 77385K, capacity 79545K, committed 79740K, reserved 1118208K
  class space    used 10432K, capacity 11265K, committed 11388K, reserved 1048576K
}
Event: 13.412 GC heap before
{Heap before GC invocations=42 (full 0):
 garbage-first heap   total 183296K, used 145928K [0x0000000080000000, 0x0000000100000000)
  region size 1024K, 61 young (62464K), 5 survivors (5120K)
 Metaspace       used 80270K, capacity 82265K, committed 82940K, reserved 1120256K
  class space    used 10726K, capacity 11509K, committed 11772K, reserved 1048576K
}
Event: 13.431 GC heap after
{Heap after GC invocations=43 (full 0):
 garbage-first heap   total 183296K, used 108763K [0x0000000080000000, 0x0000000100000000)
  region size 1024K, 8 young (8192K), 8 survivors (8192K)
 Metaspace       used 80270K, capacity 82265K, committed 82940K, reserved 1120256K
  class space    used 10726K, capacity 11509K, committed 11772K, reserved 1048576K
}
Event: 13.451 GC heap before
{Heap before GC invocations=43 (full 0):
 garbage-first heap   total 183296K, used 108763K [0x0000000080000000, 0x0000000100000000)
  region size 1024K, 10 young (10240K), 8 survivors (8192K)
 Metaspace       used 80285K, capacity 82329K, committed 82940K, reserved 1120256K
  class space    used 10726K, capacity 11509K, committed 11772K, reserved 1048576K
}

