# JRE version: Java(TM) SE Runtime Environment (13.0.2+8) (build 13.0.2+8)
# Java VM: Java HotSpot(TM) 64-Bit Server VM (13.0.2+8, mixed mode, sharing, tiered, compressed oops, g1 gc, windows-amd64)
Heap:
 garbage-first heap   total 261120K, used 103691K [0x0000000080000000, 0x0000000100000000)
  region size 1024K, 1 young (1024K), 1 survivors (1024K)
 Metaspace       used 85327K, capacity 87523K, committed 88060K, reserved 1124352K
  class space    used 11258K, capacity 12059K, committed 12284K, reserved 1048576K
GC Heap History (20 events):
Event: 10.093 GC heap after
{Heap after GC invocations=32 (full 0):
 garbage-first heap   total 144384K, used 71929K [0x0000000080000000, 0x0000000100000000)
  region size 1024K, 6 young (6144K), 6 survivors (6144K)
 Metaspace       used 66303K, capacity 67929K, committed 67964K, reserved 1107968K
  class space    used 8936K, capacity 9565K, committed 9596K, reserved 1048576K
}
Event: 10.568 GC heap before
{Heap before GC invocations=32 (full 0):
 garbage-first heap   total 144384K, used 109817K [0x0000000080000000, 0x0000000100000000)
  region size 1024K, 43 young (44032K), 6 survivors (6144K)
 Metaspace       used 70697K, capacity 72448K, committed 72700K, reserved 1112064K
  class space    used 9544K, capacity 10177K, committed 10236K, reserved 1048576K
}
Event: 10.576 GC heap after
{Heap after GC invocations=33 (full 0):
 garbage-first heap   total 174080K, used 73785K [0x0000000080000000, 0x0000000100000000)
  region size 1024K, 5 young (5120K), 5 survivors (5120K)
 Metaspace       used 70697K, capacity 72448K, committed 72700K, reserved 1112064K
  class space    used 9544K, capacity 10177K, committed 10236K, reserved 1048576K
}
Event: 11.185 GC heap before
{Heap before GC invocations=34 (full 0):
 garbage-first heap   total 174080K, used 127033K [0x0000000080000000, 0x0000000100000000)
  region size 1024K, 57 young (58368K), 5 survivors (5120K)
 Metaspace       used 74194K, capacity 76070K, committed 76156K, reserved 1114112K
  class space    used 10057K, capacity 10790K, committed 10876K, reserved 1048576K
}
Event: 11.192 GC heap after
{Heap after GC invocations=35 (full 0):
 garbage-first heap   total 174080K, used 78136K [0x0000000080000000, 0x0000000100000000)
  region size 1024K, 7 young (7168K), 7 survivors (7168K)
 Metaspace       used 74194K, capacity 76070K, committed 76156K, reserved 1114112K
  class space    used 10057K, capacity 10790K, committed 10876K, reserved 1048576K
}
Event: 11.812 GC heap before
{Heap before GC invocations=35 (full 0):
 garbage-first heap   total 174080K, used 129336K [0x0000000080000000, 0x0000000100000000)
  region size 1024K, 58 young (59392K), 7 survivors (7168K)
 Metaspace       used 75931K, capacity 78135K, committed 78332K, reserved 1116160K
  class space    used 10330K, capacity 11194K, committed 11260K, reserved 1048576K
}
Event: 11.821 GC heap after
{Heap after GC invocations=36 (full 0):
 garbage-first heap   total 174080K, used 82149K [0x0000000080000000, 0x0000000100000000)
  region size 1024K, 5 young (5120K), 5 survivors (5120K)
 Metaspace       used 75931K, capacity 78135K, committed 78332K, reserved 1116160K
  class space    used 10330K, capacity 11194K, committed 11260K, reserved 1048576K
}
Event: 12.272 GC heap before
{Heap before GC invocations=36 (full 0):
 garbage-first heap   total 174080K, used 130277K [0x0000000080000000, 0x0000000100000000)
  region size 1024K, 54 young (55296K), 5 survivors (5120K)
 Metaspace       used 77451K, capacity 79713K, committed 79996K, reserved 1118208K
  class space    used 10441K, capacity 11297K, committed 11388K, reserved 1048576K
}
Event: 12.283 GC heap after
{Heap after GC invocations=37 (full 0):
 garbage-first heap   total 174080K, used 85851K [0x0000000080000000, 0x0000000100000000)
  region size 1024K, 4 young (4096K), 4 survivors (4096K)
 Metaspace       used 77451K, capacity 79713K, committed 79996K, reserved 1118208K
  class space    used 10441K, capacity 11297K, committed 11388K, reserved 1048576K
}
Event: 12.978 GC heap before
{Heap before GC invocations=38 (full 0):
 garbage-first heap   total 174080K, used 138075K [0x0000000080000000, 0x0000000100000000)
  region size 1024K, 54 young (55296K), 4 survivors (4096K)
 Metaspace       used 80635K, capacity 82865K, committed 83196K, reserved 1120256K
  class space    used 10828K, capacity 11688K, committed 11772K, reserved 1048576K
}
Event: 12.991 GC heap after
{Heap after GC invocations=39 (full 0):
 garbage-first heap   total 208896K, used 102570K [0x0000000080000000, 0x0000000100000000)
  region size 1024K, 7 young (7168K), 7 survivors (7168K)
 Metaspace       used 80635K, capacity 82865K, committed 83196K, reserved 1120256K
  class space    used 10828K, capacity 11688K, committed 11772K, reserved 1048576K
}
Event: 13.071 GC heap before
{Heap before GC invocations=39 (full 0):
 garbage-first heap   total 208896K, used 108714K [0x0000000080000000, 0x0000000100000000)
  region size 1024K, 14 young (14336K), 7 survivors (7168K)
 Metaspace       used 80652K, capacity 82865K, committed 83196K, reserved 1120256K
  class space    used 10828K, capacity 11688K, committed 11772K, reserved 1048576K
}
Event: 13.086 GC heap after
{Heap after GC invocations=40 (full 0):
 garbage-first heap   total 208896K, used 109537K [0x0000000080000000, 0x0000000100000000)
  region size 1024K, 8 young (8192K), 8 survivors (8192K)
 Metaspace       used 80652K, capacity 82865K, committed 83196K, reserved 1120256K
  class space    used 10828K, capacity 11688K, committed 11772K, reserved 1048576K
}
Event: 13.519 GC heap before
{Heap before GC invocations=41 (full 0):
 garbage-first heap   total 217088K, used 160737K [0x0000000080000000, 0x0000000100000000)
  region size 1024K, 42 young (43008K), 8 survivors (8192K)
 Metaspace       used 83395K, capacity 85490K, committed 86012K, reserved 1124352K
  class space    used 11062K, capacity 11837K, committed 12028K, reserved 1048576K
}
Event: 13.533 GC heap after
{Heap after GC invocations=42 (full 0):
 garbage-first heap   total 217088K, used 110534K [0x0000000080000000, 0x0000000100000000)
  region size 1024K, 2 young (2048K), 2 survivors (2048K)
 Metaspace       used 83395K, capacity 85490K, committed 86012K, reserved 1124352K
  class space    used 11062K, capacity 11837K, committed 12028K, reserved 1048576K
}
Event: 13.865 GC heap before
{Heap before GC invocations=42 (full 0):
 garbage-first heap   total 217088K, used 148422K [0x0000000080000000, 0x0000000100000000)
  region size 1024K, 40 young (40960K), 2 survivors (2048K)
 Metaspace       used 84002K, capacity 86082K, committed 86652K, reserved 1124352K
  class space    used 11116K, capacity 11936K, committed 12156K, reserved 1048576K
}
Event: 13.871 GC heap after
{Heap after GC invocations=43 (full 0):
 garbage-first heap   total 217088K, used 112797K [0x0000000080000000, 0x0000000100000000)
  region size 1024K, 4 young (4096K), 4 survivors (4096K)
 Metaspace       used 84002K, capacity 86082K, committed 86652K, reserved 1124352K
  class space    used 11116K, capacity 11936K, committed 12156K, reserved 1048576K
}
Event: 14.286 GC heap before
{Heap before GC invocations=44 (full 0):
 garbage-first heap   total 217088K, used 154781K [0x0000000080000000, 0x0000000100000000)
  region size 1024K, 45 young (46080K), 4 survivors (4096K)
 Metaspace       used 85175K, capacity 87388K, committed 87804K, reserved 1124352K
  class space    used 11245K, capacity 12058K, committed 12284K, reserved 1048576K
}
Event: 14.296 GC heap after
{Heap after GC invocations=45 (full 0):
 garbage-first heap   total 217088K, used 116969K [0x0000000080000000, 0x0000000100000000)
  region size 1024K, 6 young (6144K), 6 survivors (6144K)
 Metaspace       used 85175K, capacity 87388K, committed 87804K, reserved 1124352K
  class space    used 11245K, capacity 12058K, committed 12284K, reserved 1048576K
}
Event: 14.320 GC heap before
{Heap before GC invocations=45 (full 0):
 garbage-first heap   total 217088K, used 121065K [0x0000000080000000, 0x0000000100000000)
  region size 1024K, 10 young (10240K), 6 survivors (6144K)
 Metaspace       used 85327K, capacity 87523K, committed 88060K, reserved 1124352K
  class space    used 11258K, capacity 12059K, committed 12284K, reserved 1048576K
}

