# JRE version: Java(TM) SE Runtime Environment (13.0.2+8) (build 13.0.2+8)
# Java VM: Java HotSpot(TM) 64-Bit Server VM (13.0.2+8, mixed mode, sharing, tiered, compressed oops, g1 gc, windows-amd64)
Heap:
 garbage-first heap   total 262144K, used 108707K [0x0000000080000000, 0x0000000100000000)
  region size 1024K, 1 young (1024K), 1 survivors (1024K)
 Metaspace       used 85933K, capacity 88128K, committed 88320K, reserved 1126400K
  class space    used 11344K, capacity 12155K, committed 12288K, reserved 1048576K
GC Heap History (20 events):
Event: 10.953 GC heap after
{Heap after GC invocations=34 (full 0):
 garbage-first heap   total 152576K, used 76030K [0x0000000080000000, 0x0000000100000000)
  region size 1024K, 6 young (6144K), 6 survivors (6144K)
 Metaspace       used 68123K, capacity 69902K, committed 70016K, reserved 1110016K
  class space    used 9171K, capacity 9855K, committed 9856K, reserved 1048576K
}
Event: 11.498 GC heap before
{Heap before GC invocations=34 (full 0):
 garbage-first heap   total 152576K, used 118014K [0x0000000080000000, 0x0000000100000000)
  region size 1024K, 47 young (48128K), 6 survivors (6144K)
 Metaspace       used 72602K, capacity 74378K, committed 74496K, reserved 1114112K
  class space    used 9779K, capacity 10458K, committed 10496K, reserved 1048576K
}
Event: 11.509 GC heap after
{Heap after GC invocations=35 (full 0):
 garbage-first heap   total 183296K, used 78847K [0x0000000080000000, 0x0000000100000000)
  region size 1024K, 6 young (6144K), 6 survivors (6144K)
 Metaspace       used 72602K, capacity 74378K, committed 74496K, reserved 1114112K
  class space    used 9779K, capacity 10458K, committed 10496K, reserved 1048576K
}
Event: 12.155 GC heap before
{Heap before GC invocations=36 (full 0):
 garbage-first heap   total 183296K, used 132095K [0x0000000080000000, 0x0000000100000000)
  region size 1024K, 58 young (59392K), 6 survivors (6144K)
 Metaspace       used 75522K, capacity 77676K, committed 77952K, reserved 1116160K
  class space    used 10266K, capacity 11088K, committed 11136K, reserved 1048576K
}
Event: 12.165 GC heap after
{Heap after GC invocations=37 (full 0):
 garbage-first heap   total 183296K, used 82787K [0x0000000080000000, 0x0000000100000000)
  region size 1024K, 7 young (7168K), 7 survivors (7168K)
 Metaspace       used 75522K, capacity 77676K, committed 77952K, reserved 1116160K
  class space    used 10266K, capacity 11088K, committed 11136K, reserved 1048576K
}
Event: 12.596 GC heap before
{Heap before GC invocations=37 (full 0):
 garbage-first heap   total 183296K, used 135011K [0x0000000080000000, 0x0000000100000000)
  region size 1024K, 59 young (60416K), 7 survivors (7168K)
 Metaspace       used 76230K, capacity 78444K, committed 78592K, reserved 1116160K
  class space    used 10347K, capacity 11207K, committed 11264K, reserved 1048576K
}
Event: 12.603 GC heap after
{Heap after GC invocations=38 (full 0):
 garbage-first heap   total 183296K, used 86585K [0x0000000080000000, 0x0000000100000000)
  region size 1024K, 5 young (5120K), 5 survivors (5120K)
 Metaspace       used 76230K, capacity 78444K, committed 78592K, reserved 1116160K
  class space    used 10347K, capacity 11207K, committed 11264K, reserved 1048576K
}
Event: 12.831 GC heap before
{Heap before GC invocations=38 (full 0):
 garbage-first heap   total 183296K, used 114233K [0x0000000080000000, 0x0000000100000000)
  region size 1024K, 34 young (34816K), 5 survivors (5120K)
 Metaspace       used 77486K, capacity 79706K, committed 80000K, reserved 1118208K
  class space    used 10451K, capacity 11300K, committed 11392K, reserved 1048576K
}
Event: 12.836 GC heap after
{Heap after GC invocations=39 (full 0):
 garbage-first heap   total 183296K, used 88070K [0x0000000080000000, 0x0000000100000000)
  region size 1024K, 6 young (6144K), 6 survivors (6144K)
 Metaspace       used 77486K, capacity 79706K, committed 80000K, reserved 1118208K
  class space    used 10451K, capacity 11300K, committed 11392K, reserved 1048576K
}
Event: 13.426 GC heap before
{Heap before GC invocations=40 (full 0):
 garbage-first heap   total 183296K, used 143366K [0x0000000080000000, 0x0000000100000000)
  region size 1024K, 59 young (60416K), 6 survivors (6144K)
 Metaspace       used 80395K, capacity 82480K, committed 82944K, reserved 1120256K
  class space    used 10756K, capacity 11564K, committed 11776K, reserved 1048576K
}
Event: 13.440 GC heap after
{Heap after GC invocations=41 (full 0):
 garbage-first heap   total 183296K, used 104101K [0x0000000080000000, 0x0000000100000000)
  region size 1024K, 8 young (8192K), 8 survivors (8192K)
 Metaspace       used 80395K, capacity 82480K, committed 82944K, reserved 1120256K
  class space    used 10756K, capacity 11564K, committed 11776K, reserved 1048576K
}
Event: 13.519 GC heap before
{Heap before GC invocations=41 (full 0):
 garbage-first heap   total 183296K, used 110245K [0x0000000080000000, 0x0000000100000000)
  region size 1024K, 16 young (16384K), 8 survivors (8192K)
 Metaspace       used 80411K, capacity 82480K, committed 82944K, reserved 1120256K
  class space    used 10756K, capacity 11564K, committed 11776K, reserved 1048576K
}
Event: 13.531 GC heap after
{Heap after GC invocations=42 (full 0):
 garbage-first heap   total 220160K, used 111748K [0x0000000080000000, 0x0000000100000000)
  region size 1024K, 7 young (7168K), 7 survivors (7168K)
 Metaspace       used 80411K, capacity 82480K, committed 82944K, reserved 1120256K
  class space    used 10756K, capacity 11564K, committed 11776K, reserved 1048576K
}
Event: 14.053 GC heap before
{Heap before GC invocations=43 (full 0):
 garbage-first heap   total 222208K, used 170116K [0x0000000080000000, 0x0000000100000000)
  region size 1024K, 48 young (49152K), 7 survivors (7168K)
 Metaspace       used 83583K, capacity 85634K, committed 86016K, reserved 1124352K
  class space    used 11086K, capacity 11870K, committed 12032K, reserved 1048576K
}
Event: 14.065 GC heap after
{Heap after GC invocations=44 (full 0):
 garbage-first heap   total 222208K, used 114294K [0x0000000080000000, 0x0000000100000000)
  region size 1024K, 3 young (3072K), 3 survivors (3072K)
 Metaspace       used 83583K, capacity 85634K, committed 86016K, reserved 1124352K
  class space    used 11086K, capacity 11870K, committed 12032K, reserved 1048576K
}
Event: 14.505 GC heap before
{Heap before GC invocations=44 (full 0):
 garbage-first heap   total 222208K, used 159350K [0x0000000080000000, 0x0000000100000000)
  region size 1024K, 48 young (49152K), 3 survivors (3072K)
 Metaspace       used 84929K, capacity 87111K, committed 87552K, reserved 1124352K
  class space    used 11226K, capacity 12049K, committed 12288K, reserved 1048576K
}
Event: 14.513 GC heap after
{Heap after GC invocations=45 (full 0):
 garbage-first heap   total 222208K, used 118936K [0x0000000080000000, 0x0000000100000000)
  region size 1024K, 6 young (6144K), 6 survivors (6144K)
 Metaspace       used 84929K, capacity 87111K, committed 87552K, reserved 1124352K
  class space    used 11226K, capacity 12049K, committed 12288K, reserved 1048576K
}
Event: 14.845 GC heap before
{Heap before GC invocations=46 (full 0):
 garbage-first heap   total 225280K, used 163992K [0x0000000080000000, 0x0000000100000000)
  region size 1024K, 51 young (52224K), 6 survivors (6144K)
 Metaspace       used 85835K, capacity 87967K, committed 88320K, reserved 1126400K
  class space    used 11329K, capacity 12123K, committed 12288K, reserved 1048576K
}
Event: 14.857 GC heap after
{Heap after GC invocations=47 (full 0):
 garbage-first heap   total 225280K, used 121816K [0x0000000080000000, 0x0000000100000000)
  region size 1024K, 3 young (3072K), 3 survivors (3072K)
 Metaspace       used 85835K, capacity 87967K, committed 88320K, reserved 1126400K
  class space    used 11329K, capacity 12123K, committed 12288K, reserved 1048576K
}
Event: 14.892 GC heap before
{Heap before GC invocations=47 (full 0):
 garbage-first heap   total 225280K, used 128984K [0x0000000080000000, 0x0000000100000000)
  region size 1024K, 11 young (11264K), 3 survivors (3072K)
 Metaspace       used 85933K, capacity 88128K, committed 88320K, reserved 1126400K
  class space    used 11344K, capacity 12155K, committed 12288K, reserved 1048576K
}

